[2022-03-30T01:10:01.520] [DEBUG] cheese - login => username:asdfasdf,password:asdfasdf
[2022-03-30T01:10:01.523] [DEBUG] cheese - asdfasdf
[2022-03-30T01:10:01.570] [DEBUG] cheese - null
[2022-03-30T01:10:01.570] [DEBUG] cheese - null
[2022-03-30T01:10:35.100] [DEBUG] cheese - login => username:asdfasdf,password:asdfasdf
[2022-03-30T01:10:35.101] [DEBUG] cheese - asdfasdf
[2022-03-30T01:10:35.104] [DEBUG] cheese - null
[2022-03-30T01:10:35.104] [DEBUG] cheese - null
[2022-03-30T01:12:19.556] [DEBUG] cheese - login => username:asdfasdf,password:asdfasdf
[2022-03-30T01:12:19.556] [DEBUG] cheese - asdfasdf
[2022-03-30T01:12:19.559] [DEBUG] cheese - null
[2022-03-30T01:12:19.559] [DEBUG] cheese - null
[2022-03-30T01:16:09.517] [DEBUG] cheese - login => username:asdfasdf,password:asdfasdf
[2022-03-30T01:16:09.517] [DEBUG] cheese - asdfasdf
[2022-03-30T01:16:09.523] [DEBUG] cheese - null
[2022-03-30T01:16:09.524] [DEBUG] cheese - null
[2022-03-30T01:16:29.453] [DEBUG] cheese - login => username:asdfa,password:fasdfdfasdf
[2022-03-30T01:16:29.453] [DEBUG] cheese - asdfa
[2022-03-30T01:16:29.455] [DEBUG] cheese - null
[2022-03-30T01:16:29.455] [DEBUG] cheese - null
[2022-03-30T01:17:20.783] [DEBUG] cheese - login => username:fasdfasdf,password:sadfasdfasdf
[2022-03-30T01:17:20.784] [DEBUG] cheese - fasdfasdf
[2022-03-30T01:17:20.787] [DEBUG] cheese - null
[2022-03-30T01:17:20.787] [DEBUG] cheese - null
[2022-03-30T01:17:31.417] [DEBUG] cheese - login => username:fasdfasdf,password:asdfasdf
[2022-03-30T01:17:31.417] [DEBUG] cheese - fasdfasdf
[2022-03-30T01:17:31.420] [DEBUG] cheese - null
[2022-03-30T01:17:31.420] [DEBUG] cheese - null
[2022-03-30T01:17:37.096] [DEBUG] cheese - login => username:fasdfasdf,password:asdfasdf
[2022-03-30T01:17:37.096] [DEBUG] cheese - fasdfasdf
[2022-03-30T01:17:37.099] [DEBUG] cheese - null
[2022-03-30T01:17:37.099] [DEBUG] cheese - null
[2022-03-30T22:26:42.555] [DEBUG] cheese - login => username:aaaa,password:dddddfasdfasdf
[2022-03-30T22:26:42.557] [DEBUG] cheese - aaaa
[2022-03-30T22:26:42.639] [DEBUG] cheese - null
[2022-03-30T22:26:42.639] [DEBUG] cheese - null
[2022-03-30T22:27:06.306] [DEBUG] cheese - login => username:asdfasdf,password:asdfasdfasdf
[2022-03-30T22:27:06.306] [DEBUG] cheese - asdfasdf
[2022-03-30T22:27:06.311] [DEBUG] cheese - null
[2022-03-30T22:27:06.311] [DEBUG] cheese - null
[2022-03-30T22:27:09.550] [DEBUG] cheese - login => username:asdfasdf,password:asdfasdfasdf
[2022-03-30T22:27:09.550] [DEBUG] cheese - asdfasdf
[2022-03-30T22:27:09.552] [DEBUG] cheese - null
[2022-03-30T22:27:09.552] [DEBUG] cheese - null
[2022-03-30T22:27:48.093] [DEBUG] cheese - login => username:asdfasdf,password:asdfasdf
[2022-03-30T22:27:48.093] [DEBUG] cheese - asdfasdf
[2022-03-30T22:27:48.095] [DEBUG] cheese - null
[2022-03-30T22:27:48.095] [DEBUG] cheese - null
[2022-03-30T22:27:56.358] [DEBUG] cheese - login => username:asdfasdf,password:asdfasdf
[2022-03-30T22:27:56.359] [DEBUG] cheese - asdfasdf
[2022-03-30T22:27:56.392] [DEBUG] cheese - null
[2022-03-30T22:27:56.392] [DEBUG] cheese - null
[2022-03-30T22:28:10.502] [DEBUG] cheese - login => username:asdfasdf,password:asdfasdf
[2022-03-30T22:28:10.502] [DEBUG] cheese - asdfasdf
[2022-03-30T22:28:10.504] [DEBUG] cheese - null
[2022-03-30T22:28:10.504] [DEBUG] cheese - null
[2022-03-30T22:28:27.755] [DEBUG] cheese - login => username:asdfasdf,password:asdfasdf
[2022-03-30T22:28:27.755] [DEBUG] cheese - asdfasdf
[2022-03-30T22:28:27.757] [DEBUG] cheese - null
[2022-03-30T22:28:27.757] [DEBUG] cheese - null
[2022-03-31T20:39:33.723] [DEBUG] cheese - login => username:admin,password:123456
[2022-03-31T20:39:33.724] [DEBUG] cheese - admin
[2022-03-31T20:39:33.888] [DEBUG] cheese - null
[2022-03-31T20:39:33.888] [DEBUG] cheese - null
[2022-03-31T20:40:39.373] [DEBUG] cheese - login => username:admin,password:123456
[2022-03-31T20:40:39.374] [DEBUG] cheese - admin
[2022-03-31T20:40:39.377] [DEBUG] cheese - null
[2022-03-31T20:40:39.377] [DEBUG] cheese - null
[2022-03-31T20:49:42.482] [DEBUG] cheese - login => username:admin,password:123456
[2022-03-31T20:49:42.482] [DEBUG] cheese - admin
[2022-03-31T20:49:42.489] [DEBUG] cheese - null
[2022-03-31T20:49:42.489] [DEBUG] cheese - null
[2022-03-31T20:53:30.327] [DEBUG] cheese - login => username:tuan,password:123456
[2022-03-31T20:53:30.327] [DEBUG] cheese - tuan
[2022-03-31T20:53:30.330] [DEBUG] cheese - null
[2022-03-31T20:53:30.330] [DEBUG] cheese - null
[2022-03-31T20:55:14.053] [DEBUG] cheese - login => username:tuan,password:123456
[2022-03-31T20:55:14.053] [DEBUG] cheese - tuan
[2022-03-31T20:55:14.055] [DEBUG] cheese - null
[2022-03-31T20:55:14.055] [DEBUG] cheese - null
[2022-03-31T20:56:57.990] [DEBUG] cheese - login => username:admin,password:123456
[2022-03-31T20:56:57.990] [DEBUG] cheese - admin
[2022-03-31T20:56:57.992] [DEBUG] cheese - null
[2022-03-31T20:56:57.992] [DEBUG] cheese - null
[2022-03-31T21:04:48.865] [DEBUG] cheese - login => username:tuan,password:123456
[2022-03-31T21:04:48.866] [DEBUG] cheese - tuan
[2022-03-31T21:04:48.869] [DEBUG] cheese - null
[2022-03-31T21:04:48.869] [DEBUG] cheese - null
[2022-03-31T21:05:54.695] [DEBUG] cheese - login => username:admin,password:123456
[2022-03-31T21:05:54.695] [DEBUG] cheese - admin
[2022-03-31T21:05:54.697] [DEBUG] cheese - null
[2022-03-31T21:05:54.697] [DEBUG] cheese - null
[2022-03-31T21:15:35.953] [DEBUG] cheese - login => username:tuan,password:123456
[2022-03-31T21:15:35.953] [DEBUG] cheese - tuan
[2022-03-31T21:15:35.955] [DEBUG] cheese - null
[2022-03-31T21:15:35.955] [DEBUG] cheese - null
[2022-03-31T21:15:55.889] [DEBUG] cheese - login => username:tuan,password:123456
[2022-03-31T21:15:55.889] [DEBUG] cheese - tuan
[2022-03-31T21:15:55.892] [DEBUG] cheese - null
[2022-03-31T21:15:55.893] [DEBUG] cheese - null
[2022-03-31T21:16:03.955] [DEBUG] cheese - login => username:tuan,password:123456
[2022-03-31T21:16:03.955] [DEBUG] cheese - tuan
[2022-03-31T21:16:03.957] [DEBUG] cheese - null
[2022-03-31T21:16:03.958] [DEBUG] cheese - null
[2022-03-31T21:16:12.609] [DEBUG] cheese - login => username:tuan,password:123456
[2022-03-31T21:16:12.609] [DEBUG] cheese - tuan
[2022-03-31T21:16:12.611] [DEBUG] cheese - null
[2022-03-31T21:16:12.611] [DEBUG] cheese - null
[2022-03-31T21:20:46.221] [DEBUG] cheese - login => username:tuan,password:123456
[2022-03-31T21:20:46.224] [DEBUG] cheese - tuan
[2022-03-31T21:20:46.240] [DEBUG] cheese - null
[2022-03-31T21:20:46.240] [DEBUG] cheese - null
[2022-03-31T21:20:57.868] [DEBUG] cheese - login => username:admin,password:123456
[2022-03-31T21:20:57.868] [DEBUG] cheese - admin
[2022-03-31T21:20:57.873] [DEBUG] cheese - null
[2022-03-31T21:20:57.873] [DEBUG] cheese - null
[2022-03-31T21:22:03.229] [DEBUG] cheese - login => username:tuan,password:123456
[2022-03-31T21:22:03.231] [DEBUG] cheese - tuan
[2022-03-31T21:22:03.237] [DEBUG] cheese - null
[2022-03-31T21:22:03.237] [DEBUG] cheese - null
[2022-03-31T21:22:10.010] [DEBUG] cheese - login => username:tuan1,password:123456
[2022-03-31T21:22:10.010] [DEBUG] cheese - tuan1
[2022-03-31T21:22:10.012] [DEBUG] cheese - null
[2022-03-31T21:22:10.013] [DEBUG] cheese - null
[2022-03-31T21:26:12.123] [DEBUG] cheese - login => username:tuan1,password:123456
[2022-03-31T21:26:12.124] [DEBUG] cheese - tuan1
[2022-03-31T21:26:12.125] [DEBUG] cheese - null
[2022-03-31T21:26:12.126] [DEBUG] cheese - null
[2022-03-31T21:26:16.435] [DEBUG] cheese - login => username:tuan,password:123456
[2022-03-31T21:26:16.435] [DEBUG] cheese - tuan
[2022-03-31T21:26:16.438] [DEBUG] cheese - null
[2022-03-31T21:26:16.438] [DEBUG] cheese - null
[2022-03-31T21:26:51.573] [DEBUG] cheese - login => username:tuan,password:123456
[2022-03-31T21:26:51.574] [DEBUG] cheese - tuan
[2022-03-31T21:26:51.576] [DEBUG] cheese - null
[2022-03-31T21:26:51.576] [DEBUG] cheese - null
[2022-03-31T21:27:13.241] [DEBUG] cheese - login => username:tuan,password:123456
[2022-03-31T21:27:13.241] [DEBUG] cheese - tuan
[2022-03-31T21:27:13.244] [DEBUG] cheese - null
[2022-03-31T21:27:13.244] [DEBUG] cheese - null
[2022-03-31T21:28:34.777] [DEBUG] cheese - login => username:tuan,password:123456
[2022-03-31T21:28:34.777] [DEBUG] cheese - tuan
[2022-03-31T21:28:34.788] [DEBUG] cheese - null
[2022-03-31T21:28:34.788] [DEBUG] cheese - null
[2022-03-31T21:57:01.198] [DEBUG] cheese - login => username:tuan,password:123456
[2022-03-31T21:57:01.199] [DEBUG] cheese - tuan
[2022-03-31T21:57:01.205] [DEBUG] cheese - null
[2022-03-31T21:57:01.205] [DEBUG] cheese - null
[2022-03-31T22:06:16.416] [DEBUG] cheese - login => username:tuan,password:123456
[2022-03-31T22:06:16.416] [DEBUG] cheese - tuan
[2022-03-31T22:06:16.423] [DEBUG] cheese - null
[2022-03-31T22:06:16.423] [DEBUG] cheese - null
[2022-03-31T22:07:12.630] [DEBUG] cheese - login => username:tuan,password:123456
[2022-03-31T22:07:12.630] [DEBUG] cheese - tuan
[2022-03-31T22:07:12.632] [DEBUG] cheese - null
[2022-03-31T22:07:12.632] [DEBUG] cheese - null
[2022-03-31T22:19:09.996] [DEBUG] cheese - login => username:tuan,password:123456
[2022-03-31T22:19:09.996] [DEBUG] cheese - tuan
[2022-03-31T22:19:10.001] [DEBUG] cheese - null
[2022-03-31T22:19:10.002] [DEBUG] cheese - null
[2022-03-31T22:29:46.875] [DEBUG] cheese - login => username:tuan,password:123456
[2022-03-31T22:29:46.875] [DEBUG] cheese - tuan
[2022-03-31T22:29:46.881] [DEBUG] cheese - null
[2022-03-31T22:29:46.881] [DEBUG] cheese - null
[2022-04-01T22:52:11.255] [DEBUG] cheese - login => username:tuan,password:123456
[2022-04-01T22:52:11.257] [DEBUG] cheese - tuan
[2022-04-01T22:52:11.271] [DEBUG] cheese - null
[2022-04-01T22:52:11.271] [DEBUG] cheese - null
[2022-04-01T22:53:17.656] [DEBUG] cheese - login => username:tuan,password:123456
[2022-04-01T22:53:17.656] [DEBUG] cheese - tuan
[2022-04-01T22:53:17.659] [DEBUG] cheese - null
[2022-04-01T22:53:17.659] [DEBUG] cheese - null
[2022-04-01T22:53:48.052] [DEBUG] cheese - login => username:tuan,password:123456
[2022-04-01T22:53:48.052] [DEBUG] cheese - tuan
[2022-04-01T22:53:48.056] [DEBUG] cheese - null
[2022-04-01T22:53:48.056] [DEBUG] cheese - null
[2022-04-01T23:25:22.961] [DEBUG] cheese - login => username:tuan,password:123456
[2022-04-01T23:25:22.962] [DEBUG] cheese - tuan
[2022-04-01T23:25:22.968] [DEBUG] cheese - null
[2022-04-01T23:25:22.968] [DEBUG] cheese - null
[2022-04-01T23:25:27.032] [DEBUG] cheese - login => username:tuan,password:123456
[2022-04-01T23:25:27.032] [DEBUG] cheese - tuan
[2022-04-01T23:25:27.034] [DEBUG] cheese - null
[2022-04-01T23:25:27.034] [DEBUG] cheese - null
[2022-04-01T23:34:17.123] [DEBUG] cheese - login => username:tuan,password:123456
[2022-04-01T23:34:17.123] [DEBUG] cheese - tuan
[2022-04-01T23:34:17.128] [DEBUG] cheese - null
[2022-04-01T23:34:17.128] [DEBUG] cheese - null
[2022-04-01T23:41:49.395] [DEBUG] cheese - login => username:tuan,password:123456
[2022-04-01T23:41:49.395] [DEBUG] cheese - tuan
[2022-04-01T23:41:49.400] [DEBUG] cheese - null
[2022-04-01T23:41:49.400] [DEBUG] cheese - null
[2022-04-01T23:42:16.106] [DEBUG] cheese - login => username:tuan,password:123456
[2022-04-01T23:42:16.107] [DEBUG] cheese - tuan
[2022-04-01T23:42:16.108] [DEBUG] cheese - null
[2022-04-01T23:42:16.109] [DEBUG] cheese - null
[2022-04-01T23:52:52.154] [DEBUG] cheese - login => username:tuan,password:123456
[2022-04-01T23:52:52.154] [DEBUG] cheese - tuan
[2022-04-01T23:52:52.160] [DEBUG] cheese - null
[2022-04-01T23:52:52.161] [DEBUG] cheese - null
[2022-04-02T21:14:53.965] [DEBUG] cheese - login => username:tuan,password:123456
[2022-04-02T21:14:53.967] [DEBUG] cheese - tuan
[2022-04-02T21:14:54.044] [DEBUG] cheese - null
[2022-04-02T21:14:54.045] [DEBUG] cheese - null
[2022-04-02T22:01:35.122] [DEBUG] cheese - login => username:tuan,password:123456
[2022-04-02T22:01:35.122] [DEBUG] cheese - tuan
[2022-04-02T22:01:35.127] [DEBUG] cheese - null
[2022-04-02T22:01:35.127] [DEBUG] cheese - null
[2022-04-02T22:05:01.248] [DEBUG] cheese - login => username:tuan,password:123456
[2022-04-02T22:05:01.249] [DEBUG] cheese - tuan
[2022-04-02T22:05:01.251] [DEBUG] cheese - null
[2022-04-02T22:05:01.251] [DEBUG] cheese - null
[2022-04-02T22:26:24.571] [DEBUG] cheese - login => username:tuan,password:123456
[2022-04-02T22:26:24.572] [DEBUG] cheese - tuan
[2022-04-02T22:26:24.578] [DEBUG] cheese - null
[2022-04-02T22:26:24.578] [DEBUG] cheese - null
[2022-04-03T16:42:04.591] [DEBUG] cheese - login => username:tuan,password:123456
[2022-04-03T16:42:04.591] [DEBUG] cheese - tuan
[2022-04-03T16:42:04.595] [DEBUG] cheese - null
[2022-04-03T16:42:04.595] [DEBUG] cheese - null
[2022-04-03T16:42:37.115] [DEBUG] cheese - login => username:tuan,password:123456
[2022-04-03T16:42:37.115] [DEBUG] cheese - tuan
[2022-04-03T16:42:37.118] [DEBUG] cheese - null
[2022-04-03T16:42:37.118] [DEBUG] cheese - null
[2022-04-10T14:08:03.976] [DEBUG] cheese - login => username:tuan,password:123456
[2022-04-10T14:08:03.978] [DEBUG] cheese - tuan
[2022-04-10T14:08:04.014] [DEBUG] cheese - null
[2022-04-10T14:08:04.014] [DEBUG] cheese - null
[2022-04-10T17:17:59.766] [DEBUG] cheese - login => username:tuan,password:123456
[2022-04-10T17:17:59.766] [DEBUG] cheese - tuan
[2022-04-10T17:17:59.769] [DEBUG] cheese - null
[2022-04-10T17:17:59.769] [DEBUG] cheese - null
[2022-04-11T19:17:31.362] [DEBUG] cheese - login => username:tuan,password:123456
[2022-04-11T19:17:31.364] [DEBUG] cheese - tuan
[2022-04-11T19:17:31.401] [DEBUG] cheese - null
[2022-04-11T19:17:31.402] [DEBUG] cheese - null
[2022-04-12T21:01:52.171] [DEBUG] cheese - login => username:tuan,password:123456
[2022-04-12T21:01:52.172] [DEBUG] cheese - tuan
[2022-04-12T21:01:52.177] [DEBUG] cheese - null
[2022-04-12T21:01:52.177] [DEBUG] cheese - null
[2022-04-12T21:42:32.317] [DEBUG] cheese - null
[2022-04-12T21:46:03.538] [DEBUG] cheese - login => username:tuan,password:123456
[2022-04-12T21:46:03.540] [DEBUG] cheese - tuan
[2022-04-12T21:46:03.555] [DEBUG] cheese - null
[2022-04-12T21:46:03.556] [DEBUG] cheese - null
[2022-04-12T21:46:17.319] [DEBUG] cheese - null
[2022-04-12T21:49:08.104] [DEBUG] cheese - null
[2022-04-12T21:50:46.647] [DEBUG] cheese - null
[2022-04-12T21:50:53.377] [DEBUG] cheese - null
[2022-04-13T21:08:23.188] [DEBUG] cheese - login => username:tuan,password:123456
[2022-04-13T21:08:23.191] [DEBUG] cheese - tuan
[2022-04-13T21:08:23.219] [DEBUG] cheese - null
[2022-04-13T21:08:23.219] [DEBUG] cheese - null
[2022-04-15T20:51:53.416] [DEBUG] cheese - login => username:tuan,password:123456
[2022-04-15T20:51:53.418] [DEBUG] cheese - tuan
[2022-04-15T20:51:53.454] [DEBUG] cheese - null
[2022-04-15T20:51:53.455] [DEBUG] cheese - null
[2022-04-15T21:18:04.101] [DEBUG] cheese - login => username:tuan,password:123456
[2022-04-15T21:18:04.103] [DEBUG] cheese - tuan
[2022-04-15T21:18:04.113] [DEBUG] cheese - null
[2022-04-15T21:18:04.114] [DEBUG] cheese - null
[2022-04-16T09:34:57.258] [DEBUG] cheese - login => username:tuan,password:123456
[2022-04-16T09:34:57.259] [DEBUG] cheese - tuan
[2022-04-16T09:34:57.290] [DEBUG] cheese - null
[2022-04-16T09:34:57.291] [DEBUG] cheese - null
[2022-04-16T12:30:00.048] [DEBUG] cheese - login => username:tuan,password:123456
[2022-04-16T12:30:00.050] [DEBUG] cheese - tuan
[2022-04-16T12:30:00.087] [DEBUG] cheese - null
[2022-04-16T12:30:00.088] [DEBUG] cheese - null
[2022-04-17T12:30:44.762] [DEBUG] cheese - login => username:tuan,password:123456
[2022-04-17T12:30:44.763] [DEBUG] cheese - tuan
[2022-04-17T12:30:44.770] [DEBUG] cheese - null
[2022-04-17T12:30:44.770] [DEBUG] cheese - null
[2022-04-17T14:27:12.473] [DEBUG] cheese - login => username:tuan,password:123456
[2022-04-17T14:27:12.474] [DEBUG] cheese - tuan
[2022-04-17T14:27:12.479] [DEBUG] cheese - null
[2022-04-17T14:27:12.480] [DEBUG] cheese - null
[2022-04-18T21:33:46.071] [DEBUG] cheese - login => username:tuan,password:123456
[2022-04-18T21:33:46.073] [DEBUG] cheese - tuan
[2022-04-18T21:33:46.120] [DEBUG] cheese - null
[2022-04-18T21:33:46.120] [DEBUG] cheese - null
[2022-04-19T22:02:08.289] [DEBUG] cheese - login => username:tuan,password:123456
[2022-04-19T22:02:08.290] [DEBUG] cheese - tuan
[2022-04-19T22:02:08.349] [DEBUG] cheese - null
[2022-04-19T22:02:08.350] [DEBUG] cheese - null
[2022-04-19T23:43:26.359] [DEBUG] cheese - null
[2022-04-20T22:18:44.640] [DEBUG] cheese - login => username:tuan,password:123456
[2022-04-20T22:18:44.641] [DEBUG] cheese - tuan
[2022-04-20T22:18:44.693] [DEBUG] cheese - null
[2022-04-20T22:18:44.694] [DEBUG] cheese - null
[2022-04-21T22:03:20.284] [DEBUG] cheese - login => username:tuan,password:123456
[2022-04-21T22:03:20.286] [DEBUG] cheese - tuan
[2022-04-21T22:03:20.329] [DEBUG] cheese - null
[2022-04-21T22:03:20.330] [DEBUG] cheese - null
[2022-04-23T16:30:29.967] [DEBUG] cheese - login => username:tuan,password:123456
[2022-04-23T16:30:29.969] [DEBUG] cheese - tuan
[2022-04-23T16:30:29.981] [DEBUG] cheese - null
[2022-04-23T16:30:29.981] [DEBUG] cheese - null
[2022-04-23T22:06:20.929] [DEBUG] cheese - login => username:tuan,password:123456
[2022-04-23T22:06:20.931] [DEBUG] cheese - tuan
[2022-04-23T22:06:20.942] [DEBUG] cheese - null
[2022-04-23T22:06:20.943] [DEBUG] cheese - null
[2022-04-24T00:26:39.609] [DEBUG] cheese - login => username:tuan,password:123456
[2022-04-24T00:26:39.611] [DEBUG] cheese - tuan
[2022-04-24T00:26:39.626] [DEBUG] cheese - null
[2022-04-24T00:26:39.627] [DEBUG] cheese - null
[2022-04-24T00:27:34.327] [DEBUG] cheese - login => username:tuan,password:123456
[2022-04-24T00:27:34.328] [DEBUG] cheese - tuan
[2022-04-24T00:27:34.331] [DEBUG] cheese - null
[2022-04-24T00:27:34.332] [DEBUG] cheese - null
[2022-04-24T01:13:31.714] [DEBUG] cheese - login => username:tuan,password:123456
[2022-04-24T01:13:31.714] [DEBUG] cheese - tuan
[2022-04-24T01:13:31.724] [DEBUG] cheese - null
[2022-04-24T01:13:31.725] [DEBUG] cheese - null
[2022-04-24T01:16:36.035] [DEBUG] cheese - login => username:tuan,password:123456
[2022-04-24T01:16:36.036] [DEBUG] cheese - tuan
[2022-04-24T01:16:36.043] [DEBUG] cheese - null
[2022-04-24T01:16:36.044] [DEBUG] cheese - null
[2022-04-24T01:27:19.237] [DEBUG] cheese - login => username:tuan,password:123456
[2022-04-24T01:27:19.238] [DEBUG] cheese - tuan
[2022-04-24T01:27:19.243] [DEBUG] cheese - null
[2022-04-24T01:27:19.244] [DEBUG] cheese - null
[2022-04-24T23:10:29.216] [DEBUG] cheese - login => username:tuan,password:123456
[2022-04-24T23:10:29.218] [DEBUG] cheese - tuan
[2022-04-24T23:10:43.814] [DEBUG] cheese - login => username:tuan,password:123456
[2022-04-24T23:10:43.814] [DEBUG] cheese - tuan
[2022-04-24T23:10:49.411] [DEBUG] cheese - login => username:tuan,password:123456
[2022-04-24T23:10:49.411] [DEBUG] cheese - tuan
[2022-04-24T23:12:05.355] [DEBUG] cheese - null
[2022-04-24T23:12:05.356] [DEBUG] cheese - null
[2022-04-24T23:12:05.564] [DEBUG] cheese - null
[2022-04-24T23:12:05.571] [DEBUG] cheese - null
[2022-04-24T23:12:05.771] [DEBUG] cheese - null
[2022-04-24T23:12:05.771] [DEBUG] cheese - null
[2022-04-24T23:13:20.312] [DEBUG] cheese - login => username:tuan,password:123456
[2022-04-24T23:13:20.312] [DEBUG] cheese - tuan
[2022-04-24T23:13:20.314] [DEBUG] cheese - null
[2022-04-24T23:13:20.315] [DEBUG] cheese - null
[2022-04-25T00:34:50.686] [DEBUG] cheese - login => username:tuan,password:123456
[2022-04-25T00:34:50.688] [DEBUG] cheese - tuan
[2022-04-25T00:34:50.730] [DEBUG] cheese - null
[2022-04-25T00:34:50.730] [DEBUG] cheese - null
[2022-04-25T00:36:39.366] [DEBUG] cheese - login => username:tuan,password:123456
[2022-04-25T00:36:39.366] [DEBUG] cheese - tuan
[2022-04-25T00:36:39.369] [DEBUG] cheese - null
[2022-04-25T00:36:39.369] [DEBUG] cheese - null
[2022-04-27T00:05:14.993] [DEBUG] cheese - login => username:tuan,password:123456
[2022-04-27T00:05:14.995] [DEBUG] cheese - tuan
[2022-04-27T00:05:15.045] [DEBUG] cheese - null
[2022-04-27T00:05:15.046] [DEBUG] cheese - null
[2022-05-03T10:40:08.765] [DEBUG] cheese - login => username:tuan,password:123456
[2022-05-03T10:40:08.766] [DEBUG] cheese - tuan
[2022-05-03T10:40:08.805] [DEBUG] cheese - null
[2022-05-03T10:40:08.806] [DEBUG] cheese - null
